{"/home/mvst/go-project/contact-form-app/frontend/src/App.vue": {"path":"/home/mvst/go-project/contact-form-app/frontend/src/App.vue","all":true,"statementMap":{"0":{"start":{"line":1,"column":0},"end":{"line":1,"column":10}},"1":{"start":{"line":2,"column":0},"end":{"line":2,"column":21}},"2":{"start":{"line":3,"column":0},"end":{"line":3,"column":19}},"3":{"start":{"line":4,"column":0},"end":{"line":4,"column":9}},"4":{"start":{"line":5,"column":0},"end":{"line":5,"column":11}},"5":{"start":{"line":6,"column":0},"end":{"line":6,"column":0}},"6":{"start":{"line":7,"column":0},"end":{"line":7,"column":14}},"7":{"start":{"line":8,"column":0},"end":{"line":8,"column":54}},"8":{"start":{"line":9,"column":0},"end":{"line":9,"column":9}},"9":{"start":{"line":10,"column":0},"end":{"line":10,"column":0}},"10":{"start":{"line":11,"column":0},"end":{"line":11,"column":7}},"11":{"start":{"line":12,"column":0},"end":{"line":12,"column":29}},"12":{"start":{"line":13,"column":0},"end":{"line":13,"column":6}},"13":{"start":{"line":14,"column":0},"end":{"line":14,"column":12}},"14":{"start":{"line":15,"column":0},"end":{"line":15,"column":64}},"15":{"start":{"line":16,"column":0},"end":{"line":16,"column":22}},"16":{"start":{"line":17,"column":0},"end":{"line":17,"column":1}},"17":{"start":{"line":18,"column":0},"end":{"line":18,"column":7}},"18":{"start":{"line":19,"column":0},"end":{"line":19,"column":20}},"19":{"start":{"line":20,"column":0},"end":{"line":20,"column":16}},"20":{"start":{"line":21,"column":0},"end":{"line":21,"column":22}},"21":{"start":{"line":22,"column":0},"end":{"line":22,"column":26}},"22":{"start":{"line":23,"column":0},"end":{"line":23,"column":16}},"23":{"start":{"line":24,"column":0},"end":{"line":24,"column":1}},"24":{"start":{"line":25,"column":0},"end":{"line":25,"column":8}}},"s":{"0":0,"1":0,"2":0,"3":0,"4":0,"5":0,"6":0,"7":0,"8":0,"9":0,"10":0,"11":0,"12":0,"13":0,"14":0,"15":0,"16":0,"17":0,"18":0,"19":0,"20":0,"21":0,"22":0,"23":0,"24":0},"branchMap":{"0":{"type":"branch","line":1,"loc":{"start":{"line":1,"column":428},"end":{"line":25,"column":8}},"locations":[{"start":{"line":1,"column":428},"end":{"line":25,"column":8}}]}},"b":{"0":[0]},"fnMap":{"0":{"name":"(empty-report)","decl":{"start":{"line":1,"column":428},"end":{"line":25,"column":8}},"loc":{"start":{"line":1,"column":428},"end":{"line":25,"column":8}},"line":1}},"f":{"0":0}}
,"/home/mvst/go-project/contact-form-app/frontend/src/main.js": {"path":"/home/mvst/go-project/contact-form-app/frontend/src/main.js","all":true,"statementMap":{"0":{"start":{"line":1,"column":0},"end":{"line":1,"column":31}},"1":{"start":{"line":2,"column":0},"end":{"line":2,"column":27}},"2":{"start":{"line":3,"column":0},"end":{"line":3,"column":0}},"3":{"start":{"line":4,"column":0},"end":{"line":4,"column":28}}},"s":{"0":0,"1":0,"2":0,"3":0},"branchMap":{"0":{"type":"branch","line":1,"loc":{"start":{"line":1,"column":0},"end":{"line":4,"column":-30}},"locations":[{"start":{"line":1,"column":0},"end":{"line":4,"column":-30}}]}},"b":{"0":[0]},"fnMap":{"0":{"name":"(empty-report)","decl":{"start":{"line":1,"column":0},"end":{"line":4,"column":-30}},"loc":{"start":{"line":1,"column":0},"end":{"line":4,"column":-30}},"line":1}},"f":{"0":0}}
,"/home/mvst/go-project/contact-form-app/frontend/src/components/ContactForm.vue": {"path":"/home/mvst/go-project/contact-form-app/frontend/src/components/ContactForm.vue","all":false,"statementMap":{"0":{"start":{"line":1,"column":0},"end":{"line":1,"column":10}},"1":{"start":{"line":2,"column":0},"end":{"line":2,"column":63}},"2":{"start":{"line":3,"column":0},"end":{"line":3,"column":27}},"3":{"start":{"line":4,"column":0},"end":{"line":4,"column":67}},"4":{"start":{"line":5,"column":0},"end":{"line":5,"column":0}},"5":{"start":{"line":6,"column":0},"end":{"line":6,"column":11}},"6":{"start":{"line":7,"column":0},"end":{"line":7,"column":9}},"7":{"start":{"line":8,"column":0},"end":{"line":8,"column":77}},"8":{"start":{"line":9,"column":0},"end":{"line":9,"column":12}},"9":{"start":{"line":10,"column":0},"end":{"line":10,"column":0}},"10":{"start":{"line":11,"column":0},"end":{"line":11,"column":11}},"11":{"start":{"line":12,"column":0},"end":{"line":12,"column":11}},"12":{"start":{"line":13,"column":0},"end":{"line":13,"column":79}},"13":{"start":{"line":14,"column":0},"end":{"line":14,"column":12}},"14":{"start":{"line":15,"column":0},"end":{"line":15,"column":0}},"15":{"start":{"line":16,"column":0},"end":{"line":16,"column":11}},"16":{"start":{"line":17,"column":0},"end":{"line":17,"column":11}},"17":{"start":{"line":18,"column":0},"end":{"line":18,"column":80}},"18":{"start":{"line":19,"column":0},"end":{"line":19,"column":12}},"19":{"start":{"line":20,"column":0},"end":{"line":20,"column":0}},"20":{"start":{"line":21,"column":0},"end":{"line":21,"column":11}},"21":{"start":{"line":22,"column":0},"end":{"line":22,"column":13}},"22":{"start":{"line":23,"column":0},"end":{"line":23,"column":81}},"23":{"start":{"line":24,"column":0},"end":{"line":24,"column":12}},"24":{"start":{"line":25,"column":0},"end":{"line":25,"column":0}},"25":{"start":{"line":26,"column":0},"end":{"line":26,"column":59}},"26":{"start":{"line":27,"column":0},"end":{"line":27,"column":55}},"27":{"start":{"line":28,"column":0},"end":{"line":28,"column":13}},"28":{"start":{"line":29,"column":0},"end":{"line":29,"column":0}},"29":{"start":{"line":30,"column":0},"end":{"line":30,"column":55}},"30":{"start":{"line":31,"column":0},"end":{"line":31,"column":65}},"31":{"start":{"line":32,"column":0},"end":{"line":32,"column":8}},"32":{"start":{"line":33,"column":0},"end":{"line":33,"column":73}},"33":{"start":{"line":34,"column":0},"end":{"line":34,"column":9}},"34":{"start":{"line":35,"column":0},"end":{"line":35,"column":11}},"35":{"start":{"line":36,"column":0},"end":{"line":36,"column":0}},"36":{"start":{"line":37,"column":0},"end":{"line":37,"column":14}},"37":{"start":{"line":38,"column":0},"end":{"line":38,"column":35}},"38":{"start":{"line":39,"column":0},"end":{"line":39,"column":0}},"39":{"start":{"line":40,"column":0},"end":{"line":40,"column":72}},"40":{"start":{"line":41,"column":0},"end":{"line":41,"column":62}},"41":{"start":{"line":42,"column":0},"end":{"line":42,"column":28}},"42":{"start":{"line":43,"column":0},"end":{"line":43,"column":0}},"43":{"start":{"line":44,"column":0},"end":{"line":44,"column":31}},"44":{"start":{"line":45,"column":0},"end":{"line":45,"column":26}},"45":{"start":{"line":46,"column":0},"end":{"line":46,"column":25}},"46":{"start":{"line":47,"column":0},"end":{"line":47,"column":7}},"47":{"start":{"line":48,"column":0},"end":{"line":48,"column":46}},"48":{"start":{"line":49,"column":0},"end":{"line":49,"column":21}},"49":{"start":{"line":50,"column":0},"end":{"line":50,"column":54}},"50":{"start":{"line":51,"column":0},"end":{"line":51,"column":32}},"51":{"start":{"line":52,"column":0},"end":{"line":52,"column":6}},"52":{"start":{"line":53,"column":0},"end":{"line":53,"column":0}},"53":{"start":{"line":54,"column":0},"end":{"line":54,"column":18}},"54":{"start":{"line":55,"column":0},"end":{"line":55,"column":53}},"55":{"start":{"line":56,"column":0},"end":{"line":56,"column":67}},"56":{"start":{"line":57,"column":0},"end":{"line":57,"column":5}},"57":{"start":{"line":58,"column":0},"end":{"line":58,"column":0}},"58":{"start":{"line":59,"column":0},"end":{"line":59,"column":28}},"59":{"start":{"line":60,"column":0},"end":{"line":60,"column":61}},"60":{"start":{"line":61,"column":0},"end":{"line":61,"column":17}},"61":{"start":{"line":62,"column":0},"end":{"line":62,"column":26}},"62":{"start":{"line":63,"column":0},"end":{"line":63,"column":36}},"63":{"start":{"line":64,"column":0},"end":{"line":64,"column":3}},"64":{"start":{"line":65,"column":0},"end":{"line":65,"column":1}},"65":{"start":{"line":66,"column":0},"end":{"line":66,"column":9}},"66":{"start":{"line":67,"column":0},"end":{"line":67,"column":0}},"67":{"start":{"line":68,"column":0},"end":{"line":68,"column":14}},"68":{"start":{"line":69,"column":0},"end":{"line":69,"column":7}},"69":{"start":{"line":70,"column":0},"end":{"line":70,"column":19}},"70":{"start":{"line":71,"column":0},"end":{"line":71,"column":22}},"71":{"start":{"line":72,"column":0},"end":{"line":72,"column":45}},"72":{"start":{"line":73,"column":0},"end":{"line":73,"column":16}},"73":{"start":{"line":74,"column":0},"end":{"line":74,"column":14}},"74":{"start":{"line":75,"column":0},"end":{"line":75,"column":19}},"75":{"start":{"line":76,"column":0},"end":{"line":76,"column":16}},"76":{"start":{"line":77,"column":0},"end":{"line":77,"column":25}},"77":{"start":{"line":78,"column":0},"end":{"line":78,"column":12}},"78":{"start":{"line":79,"column":0},"end":{"line":79,"column":1}},"79":{"start":{"line":80,"column":0},"end":{"line":80,"column":36}},"80":{"start":{"line":81,"column":0},"end":{"line":81,"column":43}},"81":{"start":{"line":82,"column":0},"end":{"line":82,"column":90}},"82":{"start":{"line":83,"column":0},"end":{"line":83,"column":17}},"83":{"start":{"line":84,"column":0},"end":{"line":84,"column":21}},"84":{"start":{"line":85,"column":0},"end":{"line":85,"column":28}},"85":{"start":{"line":86,"column":0},"end":{"line":86,"column":21}},"86":{"start":{"line":87,"column":0},"end":{"line":87,"column":16}},"87":{"start":{"line":88,"column":0},"end":{"line":88,"column":19}},"88":{"start":{"line":89,"column":0},"end":{"line":89,"column":1}},"89":{"start":{"line":90,"column":0},"end":{"line":90,"column":86}},"90":{"start":{"line":91,"column":0},"end":{"line":91,"column":8}},"91":{"start":{"line":92,"column":0},"end":{"line":92,"column":18}},"92":{"start":{"line":93,"column":0},"end":{"line":93,"column":16}},"93":{"start":{"line":94,"column":0},"end":{"line":94,"column":15}},"94":{"start":{"line":95,"column":0},"end":{"line":95,"column":21}},"95":{"start":{"line":96,"column":0},"end":{"line":96,"column":22}},"96":{"start":{"line":97,"column":0},"end":{"line":97,"column":14}},"97":{"start":{"line":98,"column":0},"end":{"line":98,"column":19}},"98":{"start":{"line":99,"column":0},"end":{"line":99,"column":18}},"99":{"start":{"line":100,"column":0},"end":{"line":100,"column":1}},"100":{"start":{"line":101,"column":0},"end":{"line":101,"column":54}},"101":{"start":{"line":102,"column":0},"end":{"line":102,"column":38}},"102":{"start":{"line":103,"column":0},"end":{"line":103,"column":28}},"103":{"start":{"line":104,"column":0},"end":{"line":104,"column":26}},"104":{"start":{"line":105,"column":0},"end":{"line":105,"column":8}}},"s":{"0":1,"1":1,"2":1,"3":1,"4":1,"5":1,"6":5,"7":1,"8":1,"9":1,"10":1,"11":5,"12":1,"13":1,"14":1,"15":1,"16":5,"17":1,"18":1,"19":1,"20":1,"21":5,"22":1,"23":1,"24":1,"25":1,"26":1,"27":1,"28":1,"29":1,"30":2,"31":2,"32":1,"33":1,"34":1,"35":1,"36":1,"37":1,"38":1,"39":1,"40":1,"41":1,"42":1,"43":4,"44":4,"45":4,"46":4,"47":4,"48":4,"49":4,"50":4,"51":4,"52":3,"53":4,"54":1,"55":1,"56":1,"57":2,"58":2,"59":2,"60":2,"61":2,"62":2,"63":2,"64":4,"65":1,"66":1,"67":1,"68":1,"69":1,"70":1,"71":1,"72":1,"73":1,"74":1,"75":1,"76":1,"77":1,"78":1,"79":1,"80":1,"81":1,"82":1,"83":1,"84":1,"85":1,"86":1,"87":1,"88":1,"89":1,"90":1,"91":1,"92":1,"93":1,"94":1,"95":1,"96":1,"97":1,"98":1,"99":1,"100":1,"101":1,"102":1,"103":1,"104":1},"branchMap":{"0":{"type":"branch","line":44,"loc":{"start":{"line":44,"column":0},"end":{"line":65,"column":1}},"locations":[{"start":{"line":44,"column":0},"end":{"line":65,"column":1}}]},"1":{"type":"branch","line":52,"loc":{"start":{"line":52,"column":5},"end":{"line":54,"column":17}},"locations":[{"start":{"line":52,"column":5},"end":{"line":54,"column":17}}]},"2":{"type":"branch","line":54,"loc":{"start":{"line":54,"column":17},"end":{"line":57,"column":5}},"locations":[{"start":{"line":54,"column":17},"end":{"line":57,"column":5}}]},"3":{"type":"branch","line":56,"loc":{"start":{"line":56,"column":33},"end":{"line":56,"column":66}},"locations":[{"start":{"line":56,"column":33},"end":{"line":56,"column":66}}]},"4":{"type":"branch","line":57,"loc":{"start":{"line":57,"column":4},"end":{"line":64,"column":3}},"locations":[{"start":{"line":57,"column":4},"end":{"line":64,"column":3}}]},"5":{"type":"branch","line":3,"loc":{"start":{"line":3,"column":4},"end":{"line":3,"column":27}},"locations":[{"start":{"line":3,"column":4},"end":{"line":3,"column":27}}]},"6":{"type":"branch","line":4,"loc":{"start":{"line":4,"column":4},"end":{"line":4,"column":67}},"locations":[{"start":{"line":4,"column":4},"end":{"line":4,"column":67}}]},"7":{"type":"branch","line":7,"loc":{"start":{"line":7,"column":-1},"end":{"line":8,"column":13}},"locations":[{"start":{"line":7,"column":-1},"end":{"line":8,"column":13}}]},"8":{"type":"branch","line":8,"loc":{"start":{"line":8,"column":27},"end":{"line":8,"column":37}},"locations":[{"start":{"line":8,"column":27},"end":{"line":8,"column":37}}]},"9":{"type":"branch","line":12,"loc":{"start":{"line":12,"column":-1},"end":{"line":13,"column":13}},"locations":[{"start":{"line":12,"column":-1},"end":{"line":13,"column":13}}]},"10":{"type":"branch","line":13,"loc":{"start":{"line":13,"column":27},"end":{"line":13,"column":38}},"locations":[{"start":{"line":13,"column":27},"end":{"line":13,"column":38}}]},"11":{"type":"branch","line":17,"loc":{"start":{"line":17,"column":-1},"end":{"line":18,"column":13}},"locations":[{"start":{"line":17,"column":-1},"end":{"line":18,"column":13}}]},"12":{"type":"branch","line":18,"loc":{"start":{"line":18,"column":27},"end":{"line":18,"column":40}},"locations":[{"start":{"line":18,"column":27},"end":{"line":18,"column":40}}]},"13":{"type":"branch","line":22,"loc":{"start":{"line":22,"column":-1},"end":{"line":23,"column":16}},"locations":[{"start":{"line":22,"column":-1},"end":{"line":23,"column":16}}]},"14":{"type":"branch","line":23,"loc":{"start":{"line":23,"column":30},"end":{"line":23,"column":43}},"locations":[{"start":{"line":23,"column":30},"end":{"line":23,"column":43}}]},"15":{"type":"branch","line":27,"loc":{"start":{"line":27,"column":15},"end":{"line":27,"column":55}},"locations":[{"start":{"line":27,"column":15},"end":{"line":27,"column":55}}]},"16":{"type":"branch","line":27,"loc":{"start":{"line":27,"column":15},"end":{"line":27,"column":55}},"locations":[{"start":{"line":27,"column":15},"end":{"line":27,"column":55}}]},"17":{"type":"branch","line":30,"loc":{"start":{"line":30,"column":4},"end":{"line":32,"column":8}},"locations":[{"start":{"line":30,"column":4},"end":{"line":32,"column":8}}]},"18":{"type":"branch","line":33,"loc":{"start":{"line":33,"column":4},"end":{"line":33,"column":73}},"locations":[{"start":{"line":33,"column":4},"end":{"line":33,"column":73}}]},"19":{"type":"branch","line":8,"loc":{"start":{"line":8,"column":27},"end":{"line":8,"column":37}},"locations":[{"start":{"line":8,"column":27},"end":{"line":8,"column":37}}]},"20":{"type":"branch","line":13,"loc":{"start":{"line":13,"column":27},"end":{"line":13,"column":38}},"locations":[{"start":{"line":13,"column":27},"end":{"line":13,"column":38}}]},"21":{"type":"branch","line":18,"loc":{"start":{"line":18,"column":27},"end":{"line":18,"column":40}},"locations":[{"start":{"line":18,"column":27},"end":{"line":18,"column":40}}]},"22":{"type":"branch","line":23,"loc":{"start":{"line":23,"column":30},"end":{"line":23,"column":43}},"locations":[{"start":{"line":23,"column":30},"end":{"line":23,"column":43}}]}},"b":{"0":[4],"1":[3],"2":[1],"3":[0],"4":[2],"5":[5],"6":[5],"7":[5],"8":[5],"9":[5],"10":[5],"11":[5],"12":[5],"13":[5],"14":[5],"15":[4],"16":[13],"17":[2],"18":[2],"19":[4],"20":[4],"21":[4],"22":[4]},"fnMap":{"0":{"name":"handleSubmit","decl":{"start":{"line":44,"column":0},"end":{"line":65,"column":1}},"loc":{"start":{"line":44,"column":0},"end":{"line":65,"column":1}},"line":44},"1":{"name":"__vite_ssr_import_1__.createElementBlock.__vite_ssr_import_1__.createElementVNode.__vite_ssr_import_1__.withDirectives.__vite_ssr_import_1__.createElementVNode.onUpdate:modelValue._cache.<computed>._cache.<computed>","decl":{"start":{"line":8,"column":27},"end":{"line":8,"column":37}},"loc":{"start":{"line":8,"column":27},"end":{"line":8,"column":37}},"line":8},"2":{"name":"__vite_ssr_import_1__.createElementBlock.__vite_ssr_import_1__.createElementVNode.__vite_ssr_import_1__.withDirectives.__vite_ssr_import_1__.createElementVNode.onUpdate:modelValue._cache.<computed>._cache.<computed>","decl":{"start":{"line":13,"column":27},"end":{"line":13,"column":38}},"loc":{"start":{"line":13,"column":27},"end":{"line":13,"column":38}},"line":13},"3":{"name":"__vite_ssr_import_1__.createElementBlock.__vite_ssr_import_1__.createElementVNode.__vite_ssr_import_1__.withDirectives.__vite_ssr_import_1__.createElementVNode.onUpdate:modelValue._cache.<computed>._cache.<computed>","decl":{"start":{"line":18,"column":27},"end":{"line":18,"column":40}},"loc":{"start":{"line":18,"column":27},"end":{"line":18,"column":40}},"line":18},"4":{"name":"__vite_ssr_import_1__.createElementBlock.__vite_ssr_import_1__.createElementVNode.__vite_ssr_import_1__.withDirectives.__vite_ssr_import_1__.createElementVNode.onUpdate:modelValue._cache.<computed>._cache.<computed>","decl":{"start":{"line":23,"column":30},"end":{"line":23,"column":43}},"loc":{"start":{"line":23,"column":30},"end":{"line":23,"column":43}},"line":23}},"f":{"0":4,"1":4,"2":4,"3":4,"4":4}}
}
